<?xml version="1.0" encoding="UTF-8"?>
<testsuite name="LibrarySuite" tests="1" skipped="0" failures="0" errors="0" timestamp="2018-02-05T00:03:27" hostname="LAPTOP-NEJDF0EE" time="0.027">
  <properties/>
  <testcase name="someLibraryMethod is always true" classname="LibrarySuite" time="0.027"/>
  <system-out><![CDATA[]]></system-out>
  <system-err><![CDATA[]]></system-err>
</testsuite>
